<?xml version="1.0" encoding="UTF-8"?>
<!-- Generated by org.testng.reporters.JUnitXMLReporter -->
<testsuite hostname="NOI-43JCHC2" ignored="0" name="Test" tests="2" failures="2" timestamp="27 Jan 2019 16:18:05 GMT" time="0.794" errors="0">
  <testcase name="execute" time="0.0" classname="TestCase.ValidateOrderHistory">
    <failure type="org.testng.TestNGException" message="
Data Provider public java.lang.Object[][] TestCase.ValidateOrderHistory.inputSteps() throws java.lang.Exception returned a null value">
      <![CDATA[org.testng.TestNGException: 
Data Provider public java.lang.Object[][] TestCase.ValidateOrderHistory.inputSteps() throws java.lang.Exception returned a null value
... Removed 22 stack frames]]>
    </failure>
  </testcase> <!-- execute -->
  <testcase name="execute" time="0.0" classname="TestCase.Logout">
    <failure type="org.testng.TestNGException" message="
Data Provider public java.lang.Object[][] TestCase.Logout.inputSteps() throws java.lang.Exception returned a null value">
      <![CDATA[org.testng.TestNGException: 
Data Provider public java.lang.Object[][] TestCase.Logout.inputSteps() throws java.lang.Exception returned a null value
... Removed 22 stack frames]]>
    </failure>
  </testcase> <!-- execute -->
</testsuite> <!-- Test -->
