<?xml version="1.0" encoding="UTF-8"?>
<!-- Generated by org.testng.reporters.JUnitXMLReporter -->
<testsuite hostname="NOI-43JCHC2" ignored="0" name="Logout" tests="11" failures="0" timestamp="27 Jan 2019 16:42:05 GMT" time="24.458" errors="0">
  <testcase name="execute" time="11.827" classname="TestCase.Logout"/>
  <testcase name="execute" time="2.241" classname="TestCase.Logout"/>
  <testcase name="execute" time="0.251" classname="TestCase.Logout"/>
  <testcase name="execute" time="2.001" classname="TestCase.Logout"/>
  <testcase name="execute" time="0.219" classname="TestCase.Logout"/>
  <testcase name="execute" time="2.384" classname="TestCase.Logout"/>
  <testcase name="execute" time="0.012" classname="TestCase.Logout"/>
  <testcase name="execute" time="2.274" classname="TestCase.Logout"/>
  <testcase name="execute" time="0.071" classname="TestCase.Logout"/>
  <testcase name="execute" time="3.026" classname="TestCase.Logout"/>
  <testcase name="execute" time="0.067" classname="TestCase.Logout"/>
</testsuite> <!-- Logout -->
