<?xml version="1.0" encoding="UTF-8"?>
<!-- Generated by org.testng.reporters.JUnitXMLReporter -->
<testsuite hostname="NOI-43JCHC2" ignored="0" name="Validate Order history" tests="20" failures="0" timestamp="30 Jan 2019 15:49:03 GMT" time="52.642" errors="0">
  <testcase name="execute" time="14.59" classname="TestCase.ValidateOrderHistory"/>
  <testcase name="execute" time="2.225" classname="TestCase.ValidateOrderHistory"/>
  <testcase name="execute" time="0.204" classname="TestCase.ValidateOrderHistory"/>
  <testcase name="execute" time="2.001" classname="TestCase.ValidateOrderHistory"/>
  <testcase name="execute" time="0.131" classname="TestCase.ValidateOrderHistory"/>
  <testcase name="execute" time="2.033" classname="TestCase.ValidateOrderHistory"/>
  <testcase name="execute" time="0.01" classname="TestCase.ValidateOrderHistory"/>
  <testcase name="execute" time="2.195" classname="TestCase.ValidateOrderHistory"/>
  <testcase name="execute" time="0.073" classname="TestCase.ValidateOrderHistory"/>
  <testcase name="execute" time="3.68" classname="TestCase.ValidateOrderHistory"/>
  <testcase name="execute" time="0.079" classname="TestCase.ValidateOrderHistory"/>
  <testcase name="execute" time="3.434" classname="TestCase.ValidateOrderHistory"/>
  <testcase name="execute" time="0.12" classname="TestCase.ValidateOrderHistory"/>
  <testcase name="execute" time="11.735" classname="TestCase.Logout"/>
  <testcase name="execute" time="2.454" classname="TestCase.Logout"/>
  <testcase name="execute" time="0.222" classname="TestCase.Logout"/>
  <testcase name="execute" time="2.001" classname="TestCase.Logout"/>
  <testcase name="execute" time="0.252" classname="TestCase.Logout"/>
  <testcase name="execute" time="4.457" classname="TestCase.Logout"/>
  <testcase name="execute" time="0.009" classname="TestCase.Logout"/>
</testsuite> <!-- Validate Order history -->
